FmodSystem create succeeded
Loading library: RenderSystem_Direct3D9.dll
Installing plugin: D3D9 RenderSystem
Plugin successfully installed
D3D Driver: nvldumd.dll

Description: NVIDIA GeForce RTX 3060

Version: 32.0.15.6590

Date: 17.10.2024, 03:01:33

OS: Windows 6.2.9200

Memory: 2097151K total, 2097151K free

Choose D3DSettings: dispmode=(22,1920,1080), dsformat=75, interval=1, msquality=0, mstype=0, vptype=3
begin to load shadercache files
end load shadercache, time=16
end compile  shadercache, time=49
EffectNum 0 
EffectCompileTime 0 
StdEffectNum 0 
BorderEffectNum 0
VSNum 960 
VSCompileTime 42 
StdVSNum 357 
BorderVSNum 50
PSNum 197 
PSCompileTime 4 
StdPSNum 88 
BorderPSNum 4
ProcessParams 2 
CacheTechnique 0 
CacheParamHandle 2 
begin to load ShaderEnvKeys files
end load ShaderEnvKeys, time=34
load db data succeeded
try to connect server 192.168.1.233:9411
connected server 192.168.1.233:9411
cannot open file: resource\HEADMASK.tga
net_clt_send failed
draw thread quit
askResourceTimes 0 
Uninstalling plugin: D3D9 RenderSystem
Plugin successfully uninstalled
Unloading library RenderSystem_Direct3D9.dll
