s->c: 2024-10-17 3:1:42:396
[CSPkg version="2558"]:
    [Head]
        Magic=12867 
        Cmd=ACC_LOGIN_RES 
        HeadLen=10 
        BodyLen=4 
        Ver=2568 
        Res=0 
    [Body]
        [AccLoginRes]
            Result=LOGIN_SUCC 
            SvrProtoVer=2558 

s->c: 2024-10-17 3:1:42:768
[CSPkg version="2558"]:
    [Head]
        Magic=12867 
        Cmd=ROLE_LIST 
        HeadLen=10 
        BodyLen=240 
        Ver=2568 
        Res=0 
    [Body]
        [RoleList]
            [SvrTime]
                BenchTimeSec=0 
                BenchTimeUSec=0 
            RoleNum=2 
            [RoleList]
                Gender=GENDER_WOMAN 
                Career=CAREER_GUNER 
                Head=0x0 
                Face=0x0 
                RoleID=1848450610489009434 
                RoleName=6666
                [Avatar]
                    Num=0xc 
                    Res[3]=0x0 0x0 0x0 
                    [Arms]
                        GridIdx=0x5 
                        Res[3]=0x0 0x0 0x0 
                        ArmDefID=1284003 
                        StarLv=0x0 
                    [Arms]
                        GridIdx=0x3 
                        Res[3]=0x0 0x0 0x0 
                        ArmDefID=2033004 
                        StarLv=0x0 
                    [Arms]
                        GridIdx=0x1b 
                        Res[3]=0x0 0x0 0x0 
                        ArmDefID=3450011 
                        StarLv=0x0 
                    [Arms]
                        GridIdx=0x1a 
                        Res[3]=0x0 0x0 0x0 
                        ArmDefID=3850002 
                        StarLv=0x0 
                    [Arms]
                        GridIdx=0x1 
                        Res[3]=0x0 0x0 0x0 
                        ArmDefID=1203004 
                        StarLv=0x0 
                    [Arms]
                        GridIdx=0x19 
                        Res[3]=0x0 0x0 0x0 
                        ArmDefID=3750002 
                        StarLv=0x0 
                    [Arms]
                        GridIdx=0x16 
                        Res[3]=0x0 0x0 0x0 
                        ArmDefID=3551002 
                        StarLv=0x0 
                    [Arms]
                        GridIdx=0x8 
                        Res[3]=0x0 0x0 0x0 
                        ArmDefID=3050011 
                        StarLv=0x0 
                    [Arms]
                        GridIdx=0x18 
                        Res[3]=0x0 0x0 0x0 
                        ArmDefID=3652016 
                        StarLv=0x0 
                    [Arms]
                        GridIdx=0x7 
                        Res[3]=0x0 0x0 0x0 
                        ArmDefID=1277003 
                        StarLv=0x0 
                    [Arms]
                        GridIdx=0x6 
                        Res[3]=0x0 0x0 0x0 
                        ArmDefID=2413004 
                        StarLv=0x0 
                    [Arms]
                        GridIdx=0x2 
                        Res[3]=0x0 0x0 0x0 
                        ArmDefID=2131601 
                        StarLv=0x0 
                    QiYue=0 
                    ArmStar=4294967295 
                    SelectFashion=0x0 
                    AddFashion=0x0 
                    BackModelID=0 
                Hair=0x0 
                Level=0x24 
                Map=1000 
                LastLogin=1729083861 
                DelTime=0 
                ShowFlag=0x0 
            [RoleList]
                Gender=GENDER_WOMAN 
                Career=CAREER_WARRIOR 
                Head=0x1 
                Face=0x1 
                RoleID=6135314505792288094 
                RoleName=King
                [Avatar]
                    Num=0x9 
                    Res[3]=0x0 0x0 0x0 
                    [Arms]
                        GridIdx=0x1a 
                        Res[3]=0x0 0x0 0x0 
                        ArmDefID=3850025 
                        StarLv=0x0 
                    [Arms]
                        GridIdx=0x1 
                        Res[3]=0x0 0x0 0x0 
                        ArmDefID=1017002 
                        StarLv=0x0 
                    [Arms]
                        GridIdx=0x8 
                        Res[3]=0x0 0x0 0x0 
                        ArmDefID=3050025 
                        StarLv=0x0 

c->s: 2024-10-17 3:1:42:846
[CSPkg version="2558"]:
    [Head]
        Magic=12867 
        Cmd=MUD_ROLE_LOGIN_REQ 
        HeadLen=0 
        BodyLen=0 
        Ver=2568 
        Res=0 
    [Body]
        [MudRoleLoginReq]
            RoleID=1848450610489009434 

s->c: 2024-10-17 3:1:42:982
[CSPkg version="2558"]:
    [Head]
        Magic=12867 
        Cmd=MUD_ROLE_LOGIN_RES 
        HeadLen=10 
        BodyLen=1586 
        Ver=2568 
        Res=0 
    [Body]
        [MudRoleLoginRes]
            [RoleDetail]
                RoleID=1848450610489009434 
                [PlayerAttrVal]
                    AttrNum=0x0 
                    Res[3]=0x0 0x0 0x0 
                [Wear]
                    ArmNum=0xf 
                    Res[3]=0x0 0x0 0x0 
                    [RoleArms]
                        DefID=1284003 
                        DefPos=0 
                        Num=1 
                        GridIdx=5 
                        InstFlag=1 
                        ValidEnd=0 
                        WID=3736303279287559376 
                        Dur=54900 
                        StarLv=0x0 
                        FightLv=0x0 
                        HoleNum=0x0 
                        AddAttrNum=0x3 
                        [AddAttr]
                            AddAttrID=1004 
                            Val=75 
                        [AddAttr]
                            AddAttrID=1000 
                            Val=116 
                        [AddAttr]
                            AddAttrID=1007 
                            Val=76 
                        [ExtendedResult]
                            ResultID=0 
                            Res1[2]=0 0 
                            ResultVal1=0 
                            Res2[2]=0 0 
                            ResultVal2=0 
                            ResultVal3=0 
                            ResultVal4=0 
                        ExtendedFromDefID=0 
                        [KeYinAddAttr]
                            AddAttrID=0 
                            Val=0 
                        KeYinEnd=0 
                        FengYinID=0 
                        BaseAttrNum=0x2 
                        [BaseAttr]
                            ResultID=325 
                            Mul=26 
                        [BaseAttr]
                            ResultID=326 
                            Mul=7 
                        WashAttrNum=0x0 
                        StrengthenCount=0 
                        FengyinFlag=0 
                        WashNum=0 
                        Step=0x0 
                        [ArmSkill]
                            Max=0x0 
                            Num=0x0 
                        StepUse=0x0 
                        UnrealBackID=0 
                        UnrealBackTmEnd=0 
                    [RoleArms]
                        DefID=2913002 
                        DefPos=0 
                        Num=1 
                        GridIdx=12 
                        InstFlag=1 
                        ValidEnd=0 
                        WID=1100008647415381990 
                        Dur=0 
                        StarLv=0x3 
                        FightLv=0x0 
                        HoleNum=0x0 
                        AddAttrNum=0x2 
                        [AddAttr]
                            AddAttrID=1003 
                            Val=65 
                        [AddAttr]
                            AddAttrID=1005 
                            Val=34 
                        [ExtendedResult]
                            ResultID=0 
                            Res1[2]=0 0 
                            ResultVal1=0 
                            Res2[2]=0 0 
                            ResultVal2=0 
                            ResultVal3=0 
                            ResultVal4=0 
                        ExtendedFromDefID=0 
                        [KeYinAddAttr]
                            AddAttrID=0 
                            Val=0 
                        KeYinEnd=0 
                        FengYinID=0 
                        BaseAttrNum=0x2 
                        [BaseAttr]
                            ResultID=325 
                            Mul=14 
                        [BaseAttr]
                            ResultID=326 
                            Mul=25 

c->s: 2024-10-17 3:1:42:982
[CSPkg version="2558"]:
    [Head]
        Magic=12867 
        Cmd=MUD_CHAT_ROOM_LIST_REQ 
        HeadLen=0 
        BodyLen=0 
        Ver=2568 
        Res=0 
    [Body]
        [MudChatRoomListReq]
            Res=26 

s->c: 2024-10-17 3:1:42:982
[CSPkg version="2558"]:
    [Head]
        Magic=12867 
        Cmd=RELATION_SVR 
        HeadLen=10 
        BodyLen=3 
        Ver=2568 
        Res=0 
    [Body]
        [RelationSvr]
            OpType=CHGLIST 
            Res[3]=0x25 0xd 0x67 
            [RelationSvrData]
                [RelationChgList]
                    Num=0 
                    Res[2]=0xa7 0x19 

s->c: 2024-10-17 3:1:42:982
[CSPkg version="2558"]:
    [Head]
        Magic=12867 
        Cmd=RELATION_SVR 
        HeadLen=10 
        BodyLen=6 
        Ver=2568 
        Res=0 
    [Body]
        [RelationSvr]
            OpType=EMOTION_RES 
            Res[3]=0x25 0xd 0x67 
            [RelationSvrData]
                [EmotionRes]
                    Emotion=

s->c: 2024-10-17 3:1:43:48
[CSPkg version="2558"]:
    [Head]
        Magic=12867 
        Cmd=MUD_CHAT_ROOM_LIST_RES 
        HeadLen=10 
        BodyLen=41 
        Ver=2568 
        Res=0 
    [Body]
        [MudChatRoomListRes]
            RoomNum=10 
            Res[3]=0x25 0xd 0x67 
            RoomPlayerNum[10]=0 0 0 0 0 0 0 0 0 0 

c->s: 2024-10-17 3:1:43:49
[CSPkg version="2558"]:
    [Head]
        Magic=12867 
        Cmd=MUD_CHAT_ROOM_LIST_REQ 
        HeadLen=0 
        BodyLen=0 
        Ver=2568 
        Res=22 
    [Body]
        [MudChatRoomListReq]
            Res=26 

s->c: 2024-10-17 3:1:43:80
[CSPkg version="2558"]:
    [Head]
        Magic=12867 
        Cmd=MUD_CHAT_ROOM_LIST_RES 
        HeadLen=10 
        BodyLen=41 
        Ver=2568 
        Res=0 
    [Body]
        [MudChatRoomListRes]
            RoomNum=10 
            Res[3]=0x25 0xd 0x67 
            RoomPlayerNum[10]=0 0 0 0 0 0 0 0 0 0 

c->s: 2024-10-17 3:2:3:39
[CSPkg version="2558"]:
    [Head]
        Magic=12867 
        Cmd=MUD_CHAT_ROOM_LIST_REQ 
        HeadLen=0 
        BodyLen=0 
        Ver=2568 
        Res=0 
    [Body]
        [MudChatRoomListReq]
            Res=26 

s->c: 2024-10-17 3:2:3:106
[CSPkg version="2558"]:
    [Head]
        Magic=12867 
        Cmd=MUD_CHAT_ROOM_LIST_RES 
        HeadLen=10 
        BodyLen=41 
        Ver=2568 
        Res=64 
    [Body]
        [MudChatRoomListRes]
            RoomNum=10 
            Res[3]=0x0 0x0 0x0 
            RoomPlayerNum[10]=0 0 0 0 0 0 0 0 0 0 

c->s: 2024-10-17 3:2:12:756
[CSPkg version="2558"]:
    [Head]
        Magic=12867 
        Cmd=HEARTBEAT_REQ 
        HeadLen=12867 
        BodyLen=118 
        Ver=2568 
        Res=0 
    [Body]
        [HeartBeatReq]
            [SvrTime]
                BenchTimeSec=449526 
                BenchTimeUSec=351000 

s->c: 2024-10-17 3:2:12:823
[CSPkg version="2558"]:
    [Head]
        Magic=12867 
        Cmd=HEARTBEAT_RES 
        HeadLen=10 
        BodyLen=16 
        Ver=2568 
        Res=0 
    [Body]
        [HeartBeatRes]
            [CltTime]
                BenchTimeSec=449526 
                BenchTimeUSec=351000 
            [ConnectTime]
                BenchTimeSec=1729123337 
                BenchTimeUSec=686698 

c->s: 2024-10-17 3:2:23:72
[CSPkg version="2558"]:
    [Head]
        Magic=12867 
        Cmd=MUD_CHAT_ROOM_LIST_REQ 
        HeadLen=2568 
        BodyLen=0 
        Ver=2568 
        Res=6 
    [Body]
        [MudChatRoomListReq]
            Res=26 

s->c: 2024-10-17 3:2:23:138
[CSPkg version="2558"]:
    [Head]
        Magic=12867 
        Cmd=MUD_CHAT_ROOM_LIST_RES 
        HeadLen=10 
        BodyLen=41 
        Ver=2568 
        Res=64 
    [Body]
        [MudChatRoomListRes]
            RoomNum=10 
            Res[3]=0x0 0x0 0x0 
            RoomPlayerNum[10]=0 0 0 0 0 0 0 0 0 0 

c->s: 2024-10-17 3:2:42:775
[CSPkg version="2558"]:
    [Head]
        Magic=12867 
        Cmd=HEARTBEAT_REQ 
        HeadLen=12867 
        BodyLen=118 
        Ver=2568 
        Res=0 
    [Body]
        [HeartBeatReq]
            [SvrTime]
                BenchTimeSec=449556 
                BenchTimeUSec=369000 

s->c: 2024-10-17 3:2:42:841
[CSPkg version="2558"]:
    [Head]
        Magic=12867 
        Cmd=HEARTBEAT_RES 
        HeadLen=10 
        BodyLen=16 
        Ver=2568 
        Res=0 
    [Body]
        [HeartBeatRes]
            [CltTime]
                BenchTimeSec=449556 
                BenchTimeUSec=369000 
            [ConnectTime]
                BenchTimeSec=1729123367 
                BenchTimeUSec=705027 

c->s: 2024-10-17 3:2:43:108
[CSPkg version="2558"]:
    [Head]
        Magic=12867 
        Cmd=MUD_CHAT_ROOM_LIST_REQ 
        HeadLen=2568 
        BodyLen=0 
        Ver=2568 
        Res=6 
    [Body]
        [MudChatRoomListReq]
            Res=26 

s->c: 2024-10-17 3:2:43:175
[CSPkg version="2558"]:
    [Head]
        Magic=12867 
        Cmd=MUD_CHAT_ROOM_LIST_RES 
        HeadLen=10 
        BodyLen=41 
        Ver=2568 
        Res=64 
    [Body]
        [MudChatRoomListRes]
            RoomNum=10 
            Res[3]=0x0 0x0 0x0 
            RoomPlayerNum[10]=0 0 0 0 0 0 0 0 0 0 

c->s: 2024-10-17 3:3:3:137
[CSPkg version="2558"]:
    [Head]
        Magic=12867 
        Cmd=MUD_CHAT_ROOM_LIST_REQ 
        HeadLen=2568 
        BodyLen=0 
        Ver=2568 
        Res=6 
    [Body]
        [MudChatRoomListReq]
            Res=26 

s->c: 2024-10-17 3:3:3:203
[CSPkg version="2558"]:
    [Head]
        Magic=12867 
        Cmd=MUD_CHAT_ROOM_LIST_RES 
        HeadLen=10 
        BodyLen=41 
        Ver=2568 
        Res=64 
    [Body]
        [MudChatRoomListRes]
            RoomNum=10 
            Res[3]=0x0 0x0 0x0 
            RoomPlayerNum[10]=0 0 0 0 0 0 0 0 0 0 

c->s: 2024-10-17 3:3:12:792
[CSPkg version="2558"]:
    [Head]
        Magic=12867 
        Cmd=HEARTBEAT_REQ 
        HeadLen=12867 
        BodyLen=118 
        Ver=2568 
        Res=0 
    [Body]
        [HeartBeatReq]
            [SvrTime]
                BenchTimeSec=449586 
                BenchTimeUSec=387000 

s->c: 2024-10-17 3:3:12:859
[CSPkg version="2558"]:
    [Head]
        Magic=12867 
        Cmd=HEARTBEAT_RES 
        HeadLen=10 
        BodyLen=16 
        Ver=2568 
        Res=0 
    [Body]
        [HeartBeatRes]
            [CltTime]
                BenchTimeSec=449586 
                BenchTimeUSec=387000 
            [ConnectTime]
                BenchTimeSec=1729123397 
                BenchTimeUSec=720975 

c->s: 2024-10-17 3:3:23:178
[CSPkg version="2558"]:
    [Head]
        Magic=12867 
        Cmd=MUD_CHAT_ROOM_LIST_REQ 
        HeadLen=2568 
        BodyLen=0 
        Ver=2568 
        Res=6 
    [Body]
        [MudChatRoomListReq]
            Res=26 

s->c: 2024-10-17 3:3:23:244
[CSPkg version="2558"]:
    [Head]
        Magic=12867 
        Cmd=MUD_CHAT_ROOM_LIST_RES 
        HeadLen=10 
        BodyLen=41 
        Ver=2568 
        Res=64 
    [Body]
        [MudChatRoomListRes]
            RoomNum=10 
            Res[3]=0x0 0x0 0x0 
            RoomPlayerNum[10]=0 0 0 0 0 0 0 0 0 0 

c->s: 2024-10-17 3:3:42:812
[CSPkg version="2558"]:
    [Head]
        Magic=12867 
        Cmd=HEARTBEAT_REQ 
        HeadLen=12867 
        BodyLen=118 
        Ver=2568 
        Res=0 
    [Body]
        [HeartBeatReq]
            [SvrTime]
                BenchTimeSec=449616 
                BenchTimeUSec=407000 

s->c: 2024-10-17 3:3:42:879
[CSPkg version="2558"]:
    [Head]
        Magic=12867 
        Cmd=HEARTBEAT_RES 
        HeadLen=10 
        BodyLen=16 
        Ver=2568 
        Res=0 
    [Body]
        [HeartBeatRes]
            [CltTime]
                BenchTimeSec=449616 
                BenchTimeUSec=407000 
            [ConnectTime]
                BenchTimeSec=1729123427 
                BenchTimeUSec=742081 

c->s: 2024-10-17 3:3:43:212
[CSPkg version="2558"]:
    [Head]
        Magic=12867 
        Cmd=MUD_CHAT_ROOM_LIST_REQ 
        HeadLen=2568 
        BodyLen=0 
        Ver=2568 
        Res=6 
    [Body]
        [MudChatRoomListReq]
            Res=26 

s->c: 2024-10-17 3:3:43:279
[CSPkg version="2558"]:
    [Head]
        Magic=12867 
        Cmd=MUD_CHAT_ROOM_LIST_RES 
        HeadLen=10 
        BodyLen=41 
        Ver=2568 
        Res=64 
    [Body]
        [MudChatRoomListRes]
            RoomNum=10 
            Res[3]=0x0 0x0 0x0 
            RoomPlayerNum[10]=0 0 0 0 0 0 0 0 0 0 

c->s: 2024-10-17 3:4:3:245
[CSPkg version="2558"]:
    [Head]
        Magic=12867 
        Cmd=MUD_CHAT_ROOM_LIST_REQ 
        HeadLen=2568 
        BodyLen=0 
        Ver=2568 
        Res=6 
    [Body]
        [MudChatRoomListReq]
            Res=26 

s->c: 2024-10-17 3:4:3:312
[CSPkg version="2558"]:
    [Head]
        Magic=12867 
        Cmd=MUD_CHAT_ROOM_LIST_RES 
        HeadLen=10 
        BodyLen=41 
        Ver=2568 
        Res=64 
    [Body]
        [MudChatRoomListRes]
            RoomNum=10 
            Res[3]=0x0 0x0 0x0 
            RoomPlayerNum[10]=0 0 0 0 0 0 0 0 0 0 

c->s: 2024-10-17 3:4:12:830
[CSPkg version="2558"]:
    [Head]
        Magic=12867 
        Cmd=HEARTBEAT_REQ 
        HeadLen=12867 
        BodyLen=118 
        Ver=2568 
        Res=0 
    [Body]
        [HeartBeatReq]
            [SvrTime]
                BenchTimeSec=449646 
                BenchTimeUSec=425000 

s->c: 2024-10-17 3:4:12:896
[CSPkg version="2558"]:
    [Head]
        Magic=12867 
        Cmd=HEARTBEAT_RES 
        HeadLen=10 
        BodyLen=16 
        Ver=2568 
        Res=0 
    [Body]
        [HeartBeatRes]
            [CltTime]
                BenchTimeSec=449646 
                BenchTimeUSec=425000 
            [ConnectTime]
                BenchTimeSec=1729123457 
                BenchTimeUSec=758927 

c->s: 2024-10-17 3:4:23:277
[CSPkg version="2558"]:
    [Head]
        Magic=12867 
        Cmd=MUD_CHAT_ROOM_LIST_REQ 
        HeadLen=2568 
        BodyLen=0 
        Ver=2568 
        Res=6 
    [Body]
        [MudChatRoomListReq]
            Res=26 

s->c: 2024-10-17 3:4:23:344
[CSPkg version="2558"]:
    [Head]
        Magic=12867 
        Cmd=MUD_CHAT_ROOM_LIST_RES 
        HeadLen=10 
        BodyLen=41 
        Ver=2568 
        Res=64 
    [Body]
        [MudChatRoomListRes]
            RoomNum=10 
            Res[3]=0x0 0x0 0x0 
            RoomPlayerNum[10]=0 0 0 0 0 0 0 0 0 0 

c->s: 2024-10-17 3:4:42:847
[CSPkg version="2558"]:
    [Head]
        Magic=12867 
        Cmd=HEARTBEAT_REQ 
        HeadLen=12867 
        BodyLen=118 
        Ver=2568 
        Res=0 
    [Body]
        [HeartBeatReq]
            [SvrTime]
                BenchTimeSec=449676 
                BenchTimeUSec=442000 

s->c: 2024-10-17 3:4:42:914
[CSPkg version="2558"]:
    [Head]
        Magic=12867 
        Cmd=HEARTBEAT_RES 
        HeadLen=10 
        BodyLen=16 
        Ver=2568 
        Res=0 
    [Body]
        [HeartBeatRes]
            [CltTime]
                BenchTimeSec=449676 
                BenchTimeUSec=442000 
            [ConnectTime]
                BenchTimeSec=1729123487 
                BenchTimeUSec=775848 

c->s: 2024-10-17 3:4:43:312
[CSPkg version="2558"]:
    [Head]
        Magic=12867 
        Cmd=MUD_CHAT_ROOM_LIST_REQ 
        HeadLen=2568 
        BodyLen=0 
        Ver=2568 
        Res=6 
    [Body]
        [MudChatRoomListReq]
            Res=26 

s->c: 2024-10-17 3:4:43:379
[CSPkg version="2558"]:
    [Head]
        Magic=12867 
        Cmd=MUD_CHAT_ROOM_LIST_RES 
        HeadLen=10 
        BodyLen=41 
        Ver=2568 
        Res=64 
    [Body]
        [MudChatRoomListRes]
            RoomNum=10 
            Res[3]=0x0 0x0 0x0 
            RoomPlayerNum[10]=0 0 0 0 0 0 0 0 0 0 

c->s: 2024-10-17 3:5:3:356
[CSPkg version="2558"]:
    [Head]
        Magic=12867 
        Cmd=MUD_CHAT_ROOM_LIST_REQ 
        HeadLen=2568 
        BodyLen=0 
        Ver=2568 
        Res=6 
    [Body]
        [MudChatRoomListReq]
            Res=26 

s->c: 2024-10-17 3:5:3:423
[CSPkg version="2558"]:
    [Head]
        Magic=12867 
        Cmd=MUD_CHAT_ROOM_LIST_RES 
        HeadLen=10 
        BodyLen=41 
        Ver=2568 
        Res=64 
    [Body]
        [MudChatRoomListRes]
            RoomNum=10 
            Res[3]=0x0 0x0 0x0 
            RoomPlayerNum[10]=0 0 0 0 0 0 0 0 0 0 

c->s: 2024-10-17 3:5:12:871
[CSPkg version="2558"]:
    [Head]
        Magic=12867 
        Cmd=HEARTBEAT_REQ 
        HeadLen=12867 
        BodyLen=118 
        Ver=2568 
        Res=0 
    [Body]
        [HeartBeatReq]
            [SvrTime]
                BenchTimeSec=449706 
                BenchTimeUSec=466000 

s->c: 2024-10-17 3:5:12:938
[CSPkg version="2558"]:
    [Head]
        Magic=12867 
        Cmd=HEARTBEAT_RES 
        HeadLen=10 
        BodyLen=16 
        Ver=2568 
        Res=0 
    [Body]
        [HeartBeatRes]
            [CltTime]
                BenchTimeSec=449706 
                BenchTimeUSec=466000 
            [ConnectTime]
                BenchTimeSec=1729123517 
                BenchTimeUSec=800298 

c->s: 2024-10-17 3:5:23:379
[CSPkg version="2558"]:
    [Head]
        Magic=12867 
        Cmd=MUD_CHAT_ROOM_LIST_REQ 
        HeadLen=2568 
        BodyLen=0 
        Ver=2568 
        Res=6 
    [Body]
        [MudChatRoomListReq]
            Res=26 

s->c: 2024-10-17 3:5:23:446
[CSPkg version="2558"]:
    [Head]
        Magic=12867 
        Cmd=MUD_CHAT_ROOM_LIST_RES 
        HeadLen=10 
        BodyLen=41 
        Ver=2568 
        Res=64 
    [Body]
        [MudChatRoomListRes]
            RoomNum=10 
            Res[3]=0x0 0x0 0x0 
            RoomPlayerNum[10]=0 0 0 0 0 0 0 0 0 0 

c->s: 2024-10-17 3:5:42:883
[CSPkg version="2558"]:
    [Head]
        Magic=12867 
        Cmd=HEARTBEAT_REQ 
        HeadLen=12867 
        BodyLen=118 
        Ver=2568 
        Res=0 
    [Body]
        [HeartBeatReq]
            [SvrTime]
                BenchTimeSec=449736 
                BenchTimeUSec=478000 

s->c: 2024-10-17 3:5:42:950
[CSPkg version="2558"]:
    [Head]
        Magic=12867 
        Cmd=HEARTBEAT_RES 
        HeadLen=10 
        BodyLen=16 
        Ver=2568 
        Res=0 
    [Body]
        [HeartBeatRes]
            [CltTime]
                BenchTimeSec=449736 
                BenchTimeUSec=478000 
            [ConnectTime]
                BenchTimeSec=1729123547 
                BenchTimeUSec=812173 

c->s: 2024-10-17 3:5:43:415
[CSPkg version="2558"]:
    [Head]
        Magic=12867 
        Cmd=MUD_CHAT_ROOM_LIST_REQ 
        HeadLen=2568 
        BodyLen=0 
        Ver=2568 
        Res=6 
    [Body]
        [MudChatRoomListReq]
            Res=26 

s->c: 2024-10-17 3:5:43:481
[CSPkg version="2558"]:
    [Head]
        Magic=12867 
        Cmd=MUD_CHAT_ROOM_LIST_RES 
        HeadLen=10 
        BodyLen=41 
        Ver=2568 
        Res=64 
    [Body]
        [MudChatRoomListRes]
            RoomNum=10 
            Res[3]=0x0 0x0 0x0 
            RoomPlayerNum[10]=0 0 0 0 0 0 0 0 0 0 

c->s: 2024-10-17 3:6:3:446
[CSPkg version="2558"]:
    [Head]
        Magic=12867 
        Cmd=MUD_CHAT_ROOM_LIST_REQ 
        HeadLen=2568 
        BodyLen=0 
        Ver=2568 
        Res=6 
    [Body]
        [MudChatRoomListReq]
            Res=26 

s->c: 2024-10-17 3:6:3:512
[CSPkg version="2558"]:
    [Head]
        Magic=12867 
        Cmd=MUD_CHAT_ROOM_LIST_RES 
        HeadLen=10 
        BodyLen=41 
        Ver=2568 
        Res=64 
    [Body]
        [MudChatRoomListRes]
            RoomNum=10 
            Res[3]=0x0 0x0 0x0 
            RoomPlayerNum[10]=0 0 0 0 0 0 0 0 0 0 

c->s: 2024-10-17 3:6:12:898
[CSPkg version="2558"]:
    [Head]
        Magic=12867 
        Cmd=HEARTBEAT_REQ 
        HeadLen=12867 
        BodyLen=118 
        Ver=2568 
        Res=0 
    [Body]
        [HeartBeatReq]
            [SvrTime]
                BenchTimeSec=449766 
                BenchTimeUSec=493000 

s->c: 2024-10-17 3:6:12:964
[CSPkg version="2558"]:
    [Head]
        Magic=12867 
        Cmd=HEARTBEAT_RES 
        HeadLen=10 
        BodyLen=16 
        Ver=2568 
        Res=0 
    [Body]
        [HeartBeatRes]
            [CltTime]
                BenchTimeSec=449766 
                BenchTimeUSec=493000 
            [ConnectTime]
                BenchTimeSec=1729123577 
                BenchTimeUSec=827080 

c->s: 2024-10-17 3:6:23:473
[CSPkg version="2558"]:
    [Head]
        Magic=12867 
        Cmd=MUD_CHAT_ROOM_LIST_REQ 
        HeadLen=2568 
        BodyLen=0 
        Ver=2568 
        Res=6 
    [Body]
        [MudChatRoomListReq]
            Res=26 

s->c: 2024-10-17 3:6:23:539
[CSPkg version="2558"]:
    [Head]
        Magic=12867 
        Cmd=MUD_CHAT_ROOM_LIST_RES 
        HeadLen=10 
        BodyLen=41 
        Ver=2568 
        Res=64 
    [Body]
        [MudChatRoomListRes]
            RoomNum=10 
            Res[3]=0x0 0x0 0x0 
            RoomPlayerNum[10]=0 0 0 0 0 0 0 0 0 0 

c->s: 2024-10-17 3:6:42:919
[CSPkg version="2558"]:
    [Head]
        Magic=12867 
        Cmd=HEARTBEAT_REQ 
        HeadLen=12867 
        BodyLen=118 
        Ver=2568 
        Res=0 
    [Body]
        [HeartBeatReq]
            [SvrTime]
                BenchTimeSec=449796 
                BenchTimeUSec=513000 

c->s: 2024-10-17 3:6:43:517
[CSPkg version="2558"]:
    [Head]
        Magic=12867 
        Cmd=MUD_CHAT_ROOM_LIST_REQ 
        HeadLen=2568 
        BodyLen=0 
        Ver=2568 
        Res=6 
    [Body]
        [MudChatRoomListReq]
            Res=26 

c->s: 2024-10-17 3:7:3:579
[CSPkg version="2558"]:
    [Head]
        Magic=12867 
        Cmd=MUD_CHAT_ROOM_LIST_REQ 
        HeadLen=2568 
        BodyLen=0 
        Ver=2568 
        Res=6 
    [Body]
        [MudChatRoomListReq]
            Res=26 

c->s: 2024-10-17 11:21:39:201
[CSPkg version="2558"]:
    [Head]
        Magic=12867 
        Cmd=ACC_LOGOUT_REQ 
        HeadLen=0 
        BodyLen=0 
        Ver=2568 
        Res=0 
    [Body]
        [AccLogoutReq]
            Uin=6666 
            LogoutFor=9254710 

