[20100806 10:04:46.226890][(c:\documents and settings\kent.tulin\桌面\myworld_robot\tools\robot\robot.c:264) (robot_init)] robot start
[20100806 10:07:20.997957][(c:\documents and settings\kent.tulin\桌面\myworld_robot\tools\robot\robot.c:264) (robot_init)] robot start
[20100806 10:07:40.309345][(c:\documents and settings\kent.tulin\桌面\myworld_robot\tools\robot\robot.c:264) (robot_init)] robot start
[20100806 10:08:00.151956][(c:\documents and settings\kent.tulin\桌面\myworld_robot\tools\robot\robot.c:264) (robot_init)] robot start
[20100806 10:13:24.404789][(c:\documents and settings\kent.tulin\桌面\myworld_robot\tools\robot\robot.c:264) (robot_init)] robot start
[20100806 10:15:02.902267][(c:\documents and settings\kent.tulin\桌面\myworld_robot\tools\robot\robot.c:264) (robot_init)] robot start
[20100806 10:17:58.851855][(c:\documents and settings\kent.tulin\桌面\myworld_robot\tools\robot\robot.c:264) (robot_init)] robot start
[20100806 10:34:54.166456][(c:\documents and settings\kent.tulin\桌面\myworld_robot\tools\robot\robot.c:264) (robot_init)] robot start
[20100806 10:46:05.389543][(c:\documents and settings\kent.tulin\桌面\myworld_robot\tools\robot\robot.c:264) (robot_init)] robot start
[20100806 10:51:57.513396][(c:\documents and settings\kent.tulin\桌面\myworld_robot\tools\robot\robot.c:264) (robot_init)] robot start
[20100806 10:53:44.310271][(c:\documents and settings\kent.tulin\桌面\myworld_robot\tools\robot\robot.c:264) (robot_init)] robot start
[20100806 10:57:25.513396][(c:\documents and settings\kent.tulin\桌面\myworld_robot\tools\robot\robot.c:264) (robot_init)] robot start
[20100806 10:59:41.669646][(c:\documents and settings\kent.tulin\桌面\myworld_robot\tools\robot\robot.c:264) (robot_init)] robot start
[20100806 11:21:03.643377][(c:\documents and settings\kent.tulin\桌面\myworld_robot\tools\robot\robot.c:264) (robot_init)] robot start
[20100806 11:27:23.207082][(c:\documents and settings\kent.tulin\桌面\myworld_robot\tools\robot\robot.c:264) (robot_init)] robot start
[20100806 11:32:38.160207][(c:\documents and settings\kent.tulin\桌面\myworld_robot\tools\robot\robot.c:264) (robot_init)] robot start
[20100806 11:38:15.144582][(c:\documents and settings\kent.tulin\桌面\myworld_robot\tools\robot\robot.c:264) (robot_init)] robot start
[20100806 11:42:42.210360][(c:\documents and settings\kent.tulin\桌面\myworld_robot\tools\robot\robot.c:264) (robot_init)] robot start
[20100806 11:50:40.355886][(c:\documents and settings\kent.tulin\桌面\myworld_robot\tools\robot\robot.c:264) (robot_init)] robot start
[20100806 12:03:41.492585][(c:\documents and settings\kent.tulin\桌面\myworld_robot\tools\robot\robot.c:264) (robot_init)] robot start
[20100806 12:12:44.196624][(c:\documents and settings\kent.tulin\桌面\myworld_robot\tools\robot\robot.c:264) (robot_init)] robot start
[20100806 12:17:02.871856][(c:\documents and settings\kent.tulin\桌面\myworld_robot\tools\robot\robot.c:264) (robot_init)] robot start
[20100806 12:40:02.906549][(c:\documents and settings\kent.tulin\桌面\myworld_robot\tools\robot\robot.c:264) (robot_init)] robot start
[20100806 12:44:50.483091][(c:\documents and settings\kent.tulin\桌面\myworld_robot\tools\robot\robot.c:1087) (robot_fini)] robot finish
[20100806 12:48:10.793937][(c:\documents and settings\kent.tulin\桌面\myworld_robot\tools\robot\robot.c:264) (robot_init)] robot start
[20100806 12:54:15.640022][(c:\documents and settings\kent.tulin\桌面\myworld_robot\tools\robot\robot.c:1087) (robot_fini)] robot finish
[20100806 12:54:27.733849][(c:\documents and settings\kent.tulin\桌面\myworld_robot\tools\robot\robot.c:264) (robot_init)] robot start
[20100806 12:59:56.469359][(c:\documents and settings\kent.tulin\桌面\myworld_robot\tools\robot\robot.c:1087) (robot_fini)] robot finish
[20100806 13:00:27.187716][(c:\documents and settings\kent.tulin\桌面\myworld_robot\tools\robot\robot.c:264) (robot_init)] robot start
[20100806 13:05:17.500709][(c:\documents and settings\kent.tulin\桌面\myworld_robot\tools\robot\robot.c:1087) (robot_fini)] robot finish
[20100806 16:03:55.591887][(c:\documents and settings\kent.tulin\桌面\myworld_robot\tools\robot\robot.c:264) (robot_init)] robot start
[20100806 16:10:54.797257][(c:\documents and settings\kent.tulin\桌面\myworld_robot\tools\robot\robot.c:264) (robot_init)] robot start
[20100806 16:16:29.766007][(c:\documents and settings\kent.tulin\桌面\myworld_robot\tools\robot\robot.c:264) (robot_init)] robot start
[20100806 16:21:03.828507][(c:\documents and settings\kent.tulin\桌面\myworld_robot\tools\robot\robot.c:264) (robot_init)] robot start
[20100806 16:30:34.043094][(c:\documents and settings\kent.tulin\桌面\myworld_robot\tools\robot\robot.c:264) (robot_init)] robot start
[20100806 16:34:49.404315][(c:\documents and settings\kent.tulin\桌面\myworld_robot\tools\robot\robot.c:264) (robot_init)] robot start
[20100806 16:42:59.812830][(c:\documents and settings\kent.tulin\桌面\myworld_robot\tools\robot\robot.c:264) (robot_init)] robot start
[20100806 17:08:17.921058][(c:\documents and settings\kent.tulin\桌面\myworld_robot\tools\robot\robot.c:264) (robot_init)] robot start
[20100813 14:58:53.512102][(c:\documents and settings\kent.tulin\桌面\myworld_robot\tools\robot\robot.c:264) (robot_init)] robot start
[20100813 14:59:37.168631][(c:\documents and settings\kent.tulin\桌面\myworld_robot\tools\robot\robot.c:264) (robot_init)] robot start
[20100813 14:59:52.637480][(c:\documents and settings\kent.tulin\桌面\myworld_robot\tools\robot\robot.c:1111) (robot_fini)] robot finish
[20100813 15:00:09.887591][(..\..\robot.c:264) (robot_init)] robot start
[20100813 15:00:23.403302][(..\..\robot.c:1111) (robot_fini)] robot finish
[20100819 14:31:27.852104][(..\..\robot.c:264) (robot_init)] robot start
[20100819 14:31:29.477052][(..\..\robot.c:1111) (robot_fini)] robot finish
[20100819 14:33:00.396017][(c:\documents and settings\kent.tulin\桌面\myworld_robot\tools\robot\robot.c:264) (robot_init)] robot start
[20100819 14:33:02.349080][(c:\documents and settings\kent.tulin\桌面\myworld_robot\tools\robot\robot.c:1111) (robot_fini)] robot finish
[20100819 14:38:46.838056][(..\..\robot.c:264) (robot_init)] robot start
[20100819 14:56:24.397963][(..\..\robot.c:264) (robot_init)] robot start
[20100819 14:56:26.116658][(..\..\robot.c:1111) (robot_fini)] robot finish
[20100819 14:56:42.553632][(..\..\robot.c:264) (robot_init)] robot start
[20100819 14:57:04.427932][(..\..\robot.c:264) (robot_init)] robot start
[20100819 14:57:06.037255][(..\..\robot.c:1111) (robot_fini)] robot finish
[20100930 14:22:36.759583][(..\..\robot.c:264) (robot_init)] robot start
[20100930 14:25:25.797803][(..\..\robot.c:1102) (robot_fini)] robot finish
[20101018 11:37:43.057616][(c:\documents and settings\kent.tulin\桌面\myworld_robot\tools\robot\robot.c:264) (robot_init)] robot start
[20101018 11:38:19.462934][(c:\documents and settings\kent.tulin\桌面\myworld_robot\tools\robot\robot.c:1102) (robot_fini)] robot finish
[20101018 11:41:52.512283][(c:\documents and settings\kent.tulin\桌面\myworld_robot\tools\robot\robot.c:264) (robot_init)] robot start
[20101018 12:11:39.309432][(c:\documents and settings\kent.tulin\桌面\myworld_robot\tools\robot\robot.c:1102) (robot_fini)] robot finish
[20101018 14:07:54.927083][(c:\documents and settings\kent.tulin\桌面\myworld_robot\tools\robot\robot.c:264) (robot_init)] robot start
[20101018 14:22:04.957654][(c:\documents and settings\kent.tulin\桌面\myworld_robot\tools\robot\robot.c:1102) (robot_fini)] robot finish
[20101019 15:41:46.467082][(c:\documents and settings\kent.tulin\桌面\myworld_robot\tools\robot\robot.c:264) (robot_init)] robot start
[20101019 15:44:01.477725][(c:\documents and settings\kent.tulin\桌面\myworld_robot\tools\robot\robot.c:1102) (robot_fini)] robot finish
[20101019 15:48:29.840702][(c:\documents and settings\kent.tulin\桌面\myworld_robot\tools\robot\robot.c:264) (robot_init)] robot start
[20101019 15:48:53.839627][(c:\documents and settings\kent.tulin\桌面\myworld_robot\tools\robot\robot.c:1102) (robot_fini)] robot finish
[20101019 16:15:52.883365][(c:\documents and settings\kent.tulin\桌面\myworld_robot\tools\robot\robot.c:264) (robot_init)] robot start
[20101019 16:19:44.777742][(c:\documents and settings\kent.tulin\桌面\myworld_robot\tools\robot\robot.c:264) (robot_init)] robot start
[20101019 16:21:13.585695][(c:\documents and settings\kent.tulin\桌面\myworld_robot\tools\robot\robot.c:264) (robot_init)] robot start
[20101019 16:24:09.607932][(c:\documents and settings\kent.tulin\桌面\myworld_robot\tools\robot\robot.c:264) (robot_init)] robot start
[20101019 16:36:35.475991][(c:\documents and settings\kent.tulin\桌面\myworld_robot\tools\robot\robot.c:264) (robot_init)] robot start
[20101019 16:40:13.629859][(c:\documents and settings\kent.tulin\桌面\myworld_robot\tools\robot\robot.c:264) (robot_init)] robot start
[20101019 16:42:06.400806][(c:\documents and settings\kent.tulin\桌面\myworld_robot\tools\robot\robot.c:264) (robot_init)] robot start
[20101019 16:48:19.206039][(c:\documents and settings\kent.tulin\桌面\myworld_robot\tools\robot\robot.c:264) (robot_init)] robot start
[20101019 16:54:36.127948][(c:\documents and settings\kent.tulin\桌面\myworld_robot\tools\robot\robot.c:264) (robot_init)] robot start
[20101019 16:59:48.644000][(c:\documents and settings\kent.tulin\桌面\myworld_robot\tools\robot\robot.c:264) (robot_init)] robot start
[20101019 17:02:19.808135][(c:\documents and settings\kent.tulin\桌面\myworld_robot\tools\robot\robot.c:264) (robot_init)] robot start
[20101019 17:04:19.958233][(c:\documents and settings\kent.tulin\桌面\myworld_robot\tools\robot\robot.c:264) (robot_init)] robot start
[20101019 17:04:56.518861][(c:\documents and settings\kent.tulin\桌面\myworld_robot\tools\robot\robot.c:264) (robot_init)] robot start
[20101019 17:12:46.057320][(c:\documents and settings\kent.tulin\桌面\myworld_robot\tools\robot\robot.c:264) (robot_init)] robot start
[20101019 17:13:04.072022][(c:\documents and settings\kent.tulin\桌面\myworld_robot\tools\robot\robot.c:1102) (robot_fini)] robot finish
[20101019 17:14:32.458122][(c:\documents and settings\kent.tulin\桌面\myworld_robot\tools\robot\robot.c:264) (robot_init)] robot start
[20101019 17:22:38.855092][(c:\documents and settings\kent.tulin\桌面\myworld_robot\tools\robot\robot.c:1102) (robot_fini)] robot finish
[20101206 18:17:48.836289][(c:\documents and settings\kent.tulin\桌面\myworld_robot\tools\robot\robot.c:264) (robot_init)] robot start
[20101206 18:17:56.773687][(c:\documents and settings\kent.tulin\桌面\myworld_robot\tools\robot\robot.c:1102) (robot_fini)] robot finish
[20101206 18:20:12.600074][(f:\robot\myworld_robot\myworld_robot\tools\robot\robot.c:264) (robot_init)] robot start
[20101206 18:21:39.317714][(f:\robot\myworld_robot\myworld_robot\tools\robot\robot.c:1102) (robot_fini)] robot finish
[20101218 10:24:22.987517][(f:\robot\myworld_robot\myworld_robot\tools\robot\robot.c:264) (robot_init)] robot start
[20101218 10:26:57.293104][(f:\robot\myworld_robot\myworld_robot\tools\robot\robot.c:1102) (robot_fini)] robot finish
[20101218 10:28:16.445808][(f:\robot\myworld_robot\myworld_robot\tools\robot\robot.c:264) (robot_init)] robot start
[20101218 10:29:12.599542][(f:\robot\myworld_robot\myworld_robot\tools\robot\robot.c:1102) (robot_fini)] robot finish
[20101218 10:29:33.832966][(f:\robot\myworld_robot\myworld_robot\tools\robot\robot.c:264) (robot_init)] robot start
[20101218 10:33:26.213180][(f:\robot\myworld_robot\myworld_robot\tools\robot\robot.c:264) (robot_init)] robot start
[20101218 10:34:57.490340][(f:\robot\myworld_robot\myworld_robot\tools\robot\robot.c:264) (robot_init)] robot start
[20101218 10:37:38.295636][(f:\robot\myworld_robot\myworld_robot\tools\robot\robot.c:264) (robot_init)] robot start
[20101218 11:34:42.564097][(f:\robot\myworld_robot\myworld_robot\tools\robot\robot.c:264) (robot_init)] robot start
[20101218 11:35:01.063268][(f:\robot\myworld_robot\myworld_robot\tools\robot\robot.c:1102) (robot_fini)] robot finish
[20101218 11:35:20.374903][(f:\robot\myworld_robot\myworld_robot\tools\robot\robot.c:264) (robot_init)] robot start
[20101218 11:37:31.384658][(f:\robot\myworld_robot\myworld_robot\tools\robot\robot.c:1102) (robot_fini)] robot finish
[20101218 11:42:24.012173][(f:\robot\myworld_robot\myworld_robot\tools\robot\robot.c:264) (robot_init)] robot start
[20101218 11:47:22.420679][(f:\robot\myworld_robot\myworld_robot\tools\robot\robot.c:1102) (robot_fini)] robot finish
[20101218 11:48:52.994746][(f:\robot\myworld_robot\myworld_robot\tools\robot\robot.c:264) (robot_init)] robot start
[20101218 12:04:11.531718][(f:\robot\myworld_robot\myworld_robot\tools\robot\robot.c:1102) (robot_fini)] robot finish
