[20100806 12:53:10.811482][(z:\tsf4g\lib_src\tapp\tapp.c:1772) (tapp_rundata_log)] [tapp_basedata version="1"]:
    ProcMaxTime=3328.145996 
    ProcMinTime=0.000000 
    ProcTotalTime=232266.187500 
    ProcTotalNum=73601 
    IdleTotalNum=20166 
    TickMaxTime=4375.027832 
    TickMinTime=0.000000 
    TickTotalTime=40937.773438 
    TickTotalNum=267 

[20100806 12:59:27.735084][(z:\tsf4g\lib_src\tapp\tapp.c:1772) (tapp_rundata_log)] [tapp_basedata version="1"]:
    ProcMaxTime=3250.000000 
    ProcMinTime=0.000000 
    ProcTotalTime=243359.843750 
    ProcTotalNum=62144 
    IdleTotalNum=14832 
    TickMaxTime=2515.641113 
    TickMinTime=0.000000 
    TickTotalTime=36797.070313 
    TickTotalNum=266 

[20100806 16:26:39.039601][(z:\tsf4g\lib_src\tapp\tapp.c:1772) (tapp_rundata_log)] [tapp_basedata version="1"]:
    ProcMaxTime=182378.921875 
    ProcMinTime=0.000000 
    ProcTotalTime=334007.812500 
    ProcTotalNum=1722 
    IdleTotalNum=143 
    TickMaxTime=46.876999 
    TickMinTime=0.000000 
    TickTotalTime=1000.028748 
    TickTotalNum=549 

[20101018 11:46:52.533235][(z:\tsf4g\lib_src\tapp\tapp.c:1772) (tapp_rundata_log)] [tapp_basedata version="1"]:
    ProcMaxTime=328.104004 
    ProcMinTime=0.000000 
    ProcTotalTime=193588.078125 
    ProcTotalNum=184022 
    IdleTotalNum=1419 
    TickMaxTime=1374.911987 
    TickMinTime=0.000000 
    TickTotalTime=104304.804688 
    TickTotalNum=148 

[20101018 11:51:52.527355][(z:\tsf4g\lib_src\tapp\tapp.c:1772) (tapp_rundata_log)] [tapp_basedata version="1"]:
    ProcMaxTime=31.252001 
    ProcMinTime=0.000000 
    ProcTotalTime=299877.781250 
    ProcTotalNum=80244 
    IdleTotalNum=0 
    TickMaxTime=0.000000 
    TickMinTime=0.000000 
    TickTotalTime=0.000000 
    TickTotalNum=149 

[20101018 11:56:52.532401][(z:\tsf4g\lib_src\tapp\tapp.c:1772) (tapp_rundata_log)] [tapp_basedata version="1"]:
    ProcMaxTime=109.372002 
    ProcMinTime=0.000000 
    ProcTotalTime=299967.531250 
    ProcTotalNum=70962 
    IdleTotalNum=0 
    TickMaxTime=0.000000 
    TickMinTime=0.000000 
    TickTotalTime=0.000000 
    TickTotalNum=149 

[20101018 12:01:52.545209][(z:\tsf4g\lib_src\tapp\tapp.c:1772) (tapp_rundata_log)] [tapp_basedata version="1"]:
    ProcMaxTime=31.249001 
    ProcMinTime=0.000000 
    ProcTotalTime=299934.718750 
    ProcTotalNum=78983 
    IdleTotalNum=0 
    TickMaxTime=0.000000 
    TickMinTime=0.000000 
    TickTotalTime=0.000000 
    TickTotalNum=149 

[20101018 12:06:52.549940][(z:\tsf4g\lib_src\tapp\tapp.c:1772) (tapp_rundata_log)] [tapp_basedata version="1"]:
    ProcMaxTime=62.501999 
    ProcMinTime=0.000000 
    ProcTotalTime=299887.093750 
    ProcTotalNum=82307 
    IdleTotalNum=0 
    TickMaxTime=0.000000 
    TickMinTime=0.000000 
    TickTotalTime=0.000000 
    TickTotalNum=149 

[20101018 14:12:54.928174][(z:\tsf4g\lib_src\tapp\tapp.c:1772) (tapp_rundata_log)] [tapp_basedata version="1"]:
    ProcMaxTime=343.731995 
    ProcMinTime=0.000000 
    ProcTotalTime=197340.828125 
    ProcTotalNum=225789 
    IdleTotalNum=1419 
    TickMaxTime=1156.197998 
    TickMinTime=0.000000 
    TickTotalTime=100526.468750 
    TickTotalNum=148 

[20101018 14:17:54.944062][(z:\tsf4g\lib_src\tapp\tapp.c:1772) (tapp_rundata_log)] [tapp_basedata version="1"]:
    ProcMaxTime=109.370003 
    ProcMinTime=0.000000 
    ProcTotalTime=299872.531250 
    ProcTotalNum=92699 
    IdleTotalNum=0 
    TickMaxTime=0.000000 
    TickMinTime=0.000000 
    TickTotalTime=0.000000 
    TickTotalNum=149 

[20101019 17:19:32.474010][(z:\tsf4g\lib_src\tapp\tapp.c:1772) (tapp_rundata_log)] [tapp_basedata version="1"]:
    ProcMaxTime=390.605011 
    ProcMinTime=0.000000 
    ProcTotalTime=197668.656250 
    ProcTotalNum=228824 
    IdleTotalNum=1419 
    TickMaxTime=1265.560059 
    TickMinTime=0.000000 
    TickTotalTime=100276.078125 
    TickTotalNum=148 

[20101218 11:53:53.121924][(z:\tsf4g\lib_src\tapp\tapp.c:1772) (tapp_rundata_log)] [tapp_basedata version="1"]:
    ProcMaxTime=312.485992 
    ProcMinTime=0.000000 
    ProcTotalTime=196481.406250 
    ProcTotalNum=182844 
    IdleTotalNum=1419 
    TickMaxTime=1078.076050 
    TickMinTime=0.000000 
    TickTotalTime=101386.023438 
    TickTotalNum=148 

[20101218 11:58:53.108484][(z:\tsf4g\lib_src\tapp\tapp.c:1772) (tapp_rundata_log)] [tapp_basedata version="1"]:
    ProcMaxTime=218.740005 
    ProcMinTime=0.000000 
    ProcTotalTime=299481.875000 
    ProcTotalNum=54898 
    IdleTotalNum=0 
    TickMaxTime=234.363998 
    TickMinTime=0.000000 
    TickTotalTime=296.862000 
    TickTotalNum=148 

[20101218 12:03:53.001299][(z:\tsf4g\lib_src\tapp\tapp.c:1772) (tapp_rundata_log)] [tapp_basedata version="1"]:
    ProcMaxTime=187.490997 
    ProcMinTime=0.000000 
    ProcTotalTime=299747.656250 
    ProcTotalNum=64335 
    IdleTotalNum=0 
    TickMaxTime=31.249001 
    TickMinTime=0.000000 
    TickTotalTime=78.123001 
    TickTotalNum=148 

