[20091031 10:24:46.434017][(tapp.c:1772) (tapp_rundata_log)] [tapp_basedata version="1"]:
    ProcMaxTime=20.632000 
    ProcMinTime=0.009000 
    ProcTotalTime=92499.414062 
    ProcTotalNum=43860 
    IdleTotalNum=214410 
    TickMaxTime=412.983002 
    TickMinTime=0.000000 
    TickTotalTime=16209.951172 
    TickTotalNum=298 

[20091031 10:24:46.434124][(tapp.c:1772) (tapp_rundata_log)] [robotrun_status version="10"]:
    Res=0 

[20091103 12:25:54.082820][(tapp.c:1772) (tapp_rundata_log)] [tapp_basedata version="1"]:
    ProcMaxTime=42.535000 
    ProcMinTime=0.000000 
    ProcTotalTime=107472.335938 
    ProcTotalNum=97453 
    IdleTotalNum=192739 
    TickMaxTime=416.786987 
    TickMinTime=0.685000 
    TickTotalTime=20237.955078 
    TickTotalNum=298 

[20091103 12:25:54.082931][(tapp.c:1772) (tapp_rundata_log)] [robotrun_status version="10"]:
    Res=0 

[20091103 12:51:08.194617][(tapp.c:1772) (tapp_rundata_log)] [tapp_basedata version="1"]:
    ProcMaxTime=47.515999 
    ProcMinTime=0.008000 
    ProcTotalTime=174088.390625 
    ProcTotalNum=129216 
    IdleTotalNum=118286 
    TickMaxTime=613.460999 
    TickMinTime=0.611000 
    TickTotalTime=22320.093750 
    TickTotalNum=298 

[20091103 12:51:08.194701][(tapp.c:1772) (tapp_rundata_log)] [robotrun_status version="10"]:
    Res=0 

[20091103 12:56:08.198727][(tapp.c:1772) (tapp_rundata_log)] [tapp_basedata version="1"]:
    ProcMaxTime=49.161999 
    ProcMinTime=0.389000 
    ProcTotalTime=232699.718750 
    ProcTotalNum=83042 
    IdleTotalNum=76240 
    TickMaxTime=5.119000 
    TickMinTime=0.629000 
    TickTotalTime=296.146088 
    TickTotalNum=299 

[20091103 12:56:08.198808][(tapp.c:1772) (tapp_rundata_log)] [robotrun_status version="10"]:
    Res=0 

[20091103 13:01:08.200614][(tapp.c:1772) (tapp_rundata_log)] [tapp_basedata version="1"]:
    ProcMaxTime=42.891998 
    ProcMinTime=0.389000 
    ProcTotalTime=230034.609375 
    ProcTotalNum=83474 
    IdleTotalNum=79020 
    TickMaxTime=6.389000 
    TickMinTime=0.727000 
    TickTotalTime=346.320099 
    TickTotalNum=299 

[20091103 13:01:08.200698][(tapp.c:1772) (tapp_rundata_log)] [robotrun_status version="10"]:
    Res=0 

[20091107 11:06:33.984329][(tapp.c:1772) (tapp_rundata_log)] [tapp_basedata version="1"]:
    ProcMaxTime=38.706001 
    ProcMinTime=0.008000 
    ProcTotalTime=180034.437500 
    ProcTotalNum=127368 
    IdleTotalNum=118657 
    TickMaxTime=414.117004 
    TickMinTime=0.691000 
    TickTotalTime=16624.650391 
    TickTotalNum=298 

[20091107 11:06:33.984409][(tapp.c:1772) (tapp_rundata_log)] [robotrun_status version="10"]:
    Res=0 

[20091107 11:11:33.985741][(tapp.c:1772) (tapp_rundata_log)] [tapp_basedata version="1"]:
    ProcMaxTime=60.814999 
    ProcMinTime=0.395000 
    ProcTotalTime=189330.609375 
    ProcTotalNum=54552 
    IdleTotalNum=125162 
    TickMaxTime=10.911000 
    TickMinTime=0.689000 
    TickTotalTime=348.543060 
    TickTotalNum=299 

[20091107 11:11:33.985946][(tapp.c:1772) (tapp_rundata_log)] [robotrun_status version="10"]:
    Res=0 

[20091107 11:16:33.994716][(tapp.c:1772) (tapp_rundata_log)] [tapp_basedata version="1"]:
    ProcMaxTime=61.388000 
    ProcMinTime=0.395000 
    ProcTotalTime=112460.140625 
    ProcTotalNum=3287 
    IdleTotalNum=210827 
    TickMaxTime=8.929000 
    TickMinTime=0.773000 
    TickTotalTime=459.407776 
    TickTotalNum=299 

[20091107 11:16:33.994780][(tapp.c:1772) (tapp_rundata_log)] [robotrun_status version="10"]:
    Res=0 

[20091107 11:21:34.000703][(tapp.c:1772) (tapp_rundata_log)] [tapp_basedata version="1"]:
    ProcMaxTime=60.894001 
    ProcMinTime=0.394000 
    ProcTotalTime=111033.625000 
    ProcTotalNum=3224 
    IdleTotalNum=211868 
    TickMaxTime=10.438000 
    TickMinTime=0.764000 
    TickTotalTime=504.126862 
    TickTotalNum=299 

[20091107 11:21:34.000778][(tapp.c:1772) (tapp_rundata_log)] [robotrun_status version="10"]:
    Res=0 

[20091107 11:26:34.001964][(tapp.c:1772) (tapp_rundata_log)] [tapp_basedata version="1"]:
    ProcMaxTime=62.026001 
    ProcMinTime=0.394000 
    ProcTotalTime=112568.000000 
    ProcTotalNum=3161 
    IdleTotalNum=210932 
    TickMaxTime=10.811000 
    TickMinTime=0.760000 
    TickTotalTime=479.490967 
    TickTotalNum=299 

[20091107 11:26:34.002013][(tapp.c:1772) (tapp_rundata_log)] [robotrun_status version="10"]:
    Res=0 

[20091107 11:31:34.004593][(tapp.c:1772) (tapp_rundata_log)] [tapp_basedata version="1"]:
    ProcMaxTime=59.856998 
    ProcMinTime=0.396000 
    ProcTotalTime=111197.554688 
    ProcTotalNum=3064 
    IdleTotalNum=211930 
    TickMaxTime=10.279000 
    TickMinTime=0.773000 
    TickTotalTime=392.819031 
    TickTotalNum=298 

[20091107 11:31:34.004671][(tapp.c:1772) (tapp_rundata_log)] [robotrun_status version="10"]:
    Res=0 

[20091107 11:36:34.005974][(tapp.c:1772) (tapp_rundata_log)] [tapp_basedata version="1"]:
    ProcMaxTime=61.896000 
    ProcMinTime=0.395000 
    ProcTotalTime=112911.875000 
    ProcTotalNum=3012 
    IdleTotalNum=209845 
    TickMaxTime=10.181000 
    TickMinTime=0.772000 
    TickTotalTime=341.686066 
    TickTotalNum=299 

[20091107 11:36:34.006068][(tapp.c:1772) (tapp_rundata_log)] [robotrun_status version="10"]:
    Res=0 

[20091107 12:21:10.166546][(tapp.c:1772) (tapp_rundata_log)] [tapp_basedata version="1"]:
    ProcMaxTime=48.692001 
    ProcMinTime=0.008000 
    ProcTotalTime=179635.703125 
    ProcTotalNum=127469 
    IdleTotalNum=128728 
    TickMaxTime=414.446991 
    TickMinTime=0.596000 
    TickTotalTime=7952.748535 
    TickTotalNum=298 

[20091107 12:21:10.166616][(tapp.c:1772) (tapp_rundata_log)] [robotrun_status version="10"]:
    Res=0 

[20091107 12:26:10.172285][(tapp.c:1772) (tapp_rundata_log)] [tapp_basedata version="1"]:
    ProcMaxTime=38.331001 
    ProcMinTime=0.000000 
    ProcTotalTime=115310.312500 
    ProcTotalNum=45093 
    IdleTotalNum=204253 
    TickMaxTime=7.073000 
    TickMinTime=0.409000 
    TickTotalTime=268.623047 
    TickTotalNum=300 

[20091107 12:26:10.172355][(tapp.c:1772) (tapp_rundata_log)] [robotrun_status version="10"]:
    Res=0 

